From perl6-all-return-80740-ktwarwic=speedy.uwaterloo.ca@perl.org  Fri Apr 20 04:35:43 2007
Return-Path: <perl6-all-return-80740-ktwarwic=speedy.uwaterloo.ca@perl.org>
Received: from lists.develooper.com (x6.develooper.com [63.251.223.186])
	by speedy.uwaterloo.ca (8.12.8/8.12.5) with SMTP id l3K8ZX0I003737
	for <ktwarwic@speedy.uwaterloo.ca>; Fri, 20 Apr 2007 04:35:36 -0400
Received: (qmail 26874 invoked by uid 514); 20 Apr 2007 08:35:05 -0000
Mailing-List: contact perl6-all-help@perl.org; run by ezmlm
Precedence: bulk
List-Post: <mailto:perl6-all@perl.org>
List-Help: <mailto:perl6-all-help@perl.org>
List-Unsubscribe: <mailto:perl6-all-unsubscribe@perl.org>
List-Subscribe: <mailto:perl6-all-subscribe@perl.org>
List-Id: <perl6-all.perl.org>
Delivered-To: mailing list perl6-all@perl.org
Received: (qmail 26869 invoked from network); 20 Apr 2007 08:35:05 -0000
Delivered-To: perl6-all-poster@perl.org
X-Spam-Status: No, hits=-2.6 required=8.0
	tests=BAYES_00,DK_POLICY_SIGNSOME
X-Spam-Check-By: la.mx.develooper.com
Received-SPF: pass (x1.develooper.com: local policy)
X-Mailing-List: contact perl6-internals-help@perl.org; run by ezmlm
X-Mailing-List-Name: perl6-internals
List-Id: <perl6-internals.perl.org>
Delivered-To: mailing list perl6-internals@perl.org
Delivered-To: moderator for perl6-internals@perl.org
Delivered-To: perl6-internals@perl.org
Received-SPF: pass (x1.develooper.com: local policy)
From: Ryan Hinton (via RT) <parrotbug-followup@parrotcode.org>
X-RT-NewTicket: yes
To: bugs-bitbucket@netlabs.develooper.com
Resent-To: perl6-internals@perl.org
Mail-Followup-To: perl6-internals@perl.org
Reply-To: perl6-internals@perl.org
Date: Thu, 19 Apr 2007 19:45:29 -0700
Subject: [perl #42624] Parrot compiles now but still fails tests. 
In-Reply-To: <46283740.3080508@email.com>
References: <RT-Ticket-42624@perl.org> <46283740.3080508@email.com>
Message-ID: <rt-3.6.HEAD-30557-1177037129-1417.42624-72-0@perl.org>
X-RT-Loop-Prevention: perl
RT-Ticket: perl #42624
Managed-by: RT 3.6.HEAD (http://www.bestpractical.com/rt/)
RT-Originator: iobass@email.com
MIME-Version: 1.0
Content-Type: text/plain; charset="utf-8"
Content-Transfer-Encoding: 8bit
X-RT-Original-Encoding: utf-8
Resent-Message-Id: <20070420024530.4BF9E2AFDF@x3.develooper.com>
Resent-Date: Thu, 19 Apr 2007 19:45:30 -0700 (PDT)
Resent-From: rt-iobass=email.com@netlabs.develooper.com
X-Virus-Checked: Checked
X-Virus-Checked: Checked
X-Old-Spam-Check-By: la.mx.develooper.com
X-Old-Spam-Status: No, hits=-4.4 required=8.0
	tests=ALL_TRUSTED,BAYES_00,DK_POLICY_SIGNSOME
Status: O
Content-Length: 74850
Lines: 1583

# New Ticket Created by  Ryan Hinton 
# Please include the string:  [perl #42624]
# in the subject line of all future correspondence about this issue. 
# <URL: http://rt.perl.org/rt3/Ticket/Display.html?id=42624 >


Here is my machine info:
FreeBSD 5.3-STABLE i386

Here is the complete report.

make test
Compiling with:
xx.c
cc -I./include -DAPPLLIB_EXP=/usr/local/lib/perl5/5.8.5/BSDPAN 
-DHAS_FPSETMASK -DHAS_FLOATINGPOINT_H -pipe -I/usr/local/include -g -W 
-Wall -Wstrict-prototypes -Wmissing-prototypes -Winline -Wshadow 
-Wpointer-arith -Wcast-qual -Wwrite-strings -Waggregate-return -Winline 
-Wno-unused -Wsign-compare -falign-functions=16 -Wformat-nonliteral 
-Wformat-security -Wpacked -Wdisabled-optimization 
-mno-accumulate-outgoing-args -Wno-shadow -DHAS_JIT -DI386 
-DHAVE_COMPUTED_GOTO -DPIC -fPIC -I. -o xx.o -c xx.c
perl -e 'chdir shift @ARGV; system q{make}, @ARGV; exit $? >> 8;' docs
perl -MExtUtils::Command -e mkpath ops
perl -e 'chdir shift @ARGV; system q{make}, @ARGV; exit $? >> 8;' src/dynpmc
perl -e 'chdir shift @ARGV; system q{make}, @ARGV; exit $? >> 8;' 
src/dynoplibs
perl -e 'chdir shift @ARGV; system q{make}, @ARGV; exit $? >> 8;' 
compilers/past
perl -e 'chdir shift @ARGV; system q{make}, @ARGV; exit $? >> 8;' 
compilers/pge
cd PGE/pmc && perl /home/ryan/devel/parrot/tools/build/dynpmc.pl 
generate codestring
cd PGE/pmc && perl /home/ryan/devel/parrot/tools/build/dynpmc.pl compile 
codestring
cd PGE/pmc && perl /home/ryan/devel/parrot/tools/build/dynpmc.pl 
linklibs codestring
cd PGE/pmc && perl /home/ryan/devel/parrot/tools/build/dynpmc.pl copy 
--destination=/home/ryan/devel/parrot/runtime/parrot/dynext codestring
perl -e 'chdir shift @ARGV; system q{make}, @ARGV; exit $? >> 8;' 
compilers/tge
perl -e 'chdir shift @ARGV; system q{make}, @ARGV; exit $? >> 8;' 
compilers/past-pm
perl -e 'chdir shift @ARGV; system q{make}, @ARGV; exit $? >> 8;' 
compilers/json
perl t/harness --gc-debug --running-make-test
t/configure/01-options...................ok
t/configure/02-messages..................ok
t/configure/03-steplist..................ok
t/configure/base.........................ok
t/configure/config_steps.................ok
t/configure/configure....................ok
t/configure/data.........................ok
t/configure/step.........................ok
t/compilers/imcc/imcpasm/cfg.............ok
t/compilers/imcc/imcpasm/opt0............ok
t/compilers/imcc/imcpasm/opt1............ok
         1/78 skipped: constant concat N/Y
t/compilers/imcc/imcpasm/opt2............ok
         1/6 skipped: loop opt disabled for now
t/compilers/imcc/imcpasm/optc............ok
t/compilers/imcc/imcpasm/pcc.............ok
t/compilers/imcc/imcpasm/sub.............ok
t/compilers/imcc/reg/alloc...............ok
t/compilers/imcc/reg/spill...............ok
t/compilers/imcc/syn/bsr.................ok
t/compilers/imcc/syn/clash...............ok
t/compilers/imcc/syn/const...............ok
t/compilers/imcc/syn/errors..............ok
t/compilers/imcc/syn/eval................ok
         7/7 skipped: changed eval semantics - see t/pmc/eval.t
t/compilers/imcc/syn/file................ok
         1/13 skipped: multiple loading not speced - failing
t/compilers/imcc/syn/keyed...............ok
         1/1 skipped: experimental
t/compilers/imcc/syn/labels..............ok
t/compilers/imcc/syn/macro...............ok
t/compilers/imcc/syn/namespace...........ok
t/compilers/imcc/syn/objects.............ok
t/compilers/imcc/syn/op..................ok
t/compilers/imcc/syn/pasm................ok
t/compilers/imcc/syn/pcc.................ok
t/compilers/imcc/syn/pod.................ok
         1/4 skipped: Closing out of pod from included files
t/compilers/imcc/syn/scope...............ok
t/compilers/imcc/syn/symbols.............ok
t/compilers/imcc/syn/tail................ok
t/op/00ff-dos............................ok
t/op/00ff-unix...........................ok
t/op/01-parse_ops........................ok
t/op/64bit...............................skipped
         all skipped: 64bit INTVAL platforms only
t/op/arithmetics.........................ok
t/op/basic...............................ok
t/op/bitwise.............................ok
t/op/calling.............................ok
t/op/cc_params...........................ok
t/op/cc_state............................ok
t/op/cmp-nonbranch.......................ok
t/op/comp................................ok
t/op/debuginfo...........................ok
t/op/gc..................................ok
t/op/globals.............................ok
t/op/hacks...............................ok
         2/2 skipped: no universal SIGFPE handling
t/op/ifunless............................ok
t/op/info................................ok
t/op/integer.............................ok
t/op/interp..............................ok
         1/8 skipped: we really shouldn't run just a label - use a sub
t/op/jit.................................ok
t/op/jitn................................ok
t/op/lexicals............................ok
t/op/literal.............................ok
t/op/load_bytecode.......................ok
t/op/number..............................ok
t/op/pushaction..........................ok
t/op/spawnw..............................ok
t/op/sprintf.............................ok
         117/308 skipped: various reasons
t/op/stacks..............................ok
         3/24 skipped: no stack limit currently
t/op/string..............................ok
         7/160 skipped: various reasons
t/op/string_cclass.......................ok
         3/11 skipped: unicode support unavailable
t/op/string_cs...........................ok
         16/50 skipped: no ICU lib
t/op/stringu.............................ok
         3/25 skipped: no ICU lib
t/op/time................................ok
t/op/trans...............................ok
t/op/types...............................ok
t/pmc/addrregistry.......................ok
t/pmc/array..............................ok
t/pmc/bigint.............................skipped
         all skipped: No BigInt Lib configured
t/pmc/bignum.............................skipped
         all skipped: No BigNum support yet.
t/pmc/boolean............................ok
t/pmc/bound_nci..........................ok
t/pmc/builtin............................ok
         2/4 skipped: bound methods - n/y
t/pmc/capture............................ok
t/pmc/class..............................ok
t/pmc/closure............................ok
t/pmc/compiler...........................ok
t/pmc/complex............................ok
         3/53 skipped: instantiate n/y
t/pmc/config.............................ok
t/pmc/continuation.......................ok
t/pmc/coroutine..........................ok
t/pmc/default............................ok
t/pmc/deleg_pmc..........................ok
t/pmc/delegate...........................ok
t/pmc/enumerate..........................ok
t/pmc/env................................ok
t/pmc/eval...............................ok
t/pmc/exception..........................ok
t/pmc/exception_handler..................ok
t/pmc/exporter...........................ok
t/pmc/file...............................ok
t/pmc/fixedbooleanarray..................ok
t/pmc/fixedfloatarray....................ok
t/pmc/fixedintegerarray..................ok
t/pmc/fixedpmcarray......................ok
t/pmc/fixedstringarray...................ok
t/pmc/float..............................ok
t/pmc/freeze.............................ok
t/pmc/globals............................ok
t/pmc/hash...............................ok
t/pmc/integer............................ok
t/pmc/intlist............................ok
t/pmc/io.................................ok
         1/45 skipped: clone not finished yet
t/pmc/io_iterator........................ok
t/pmc/io_status..........................ok
t/pmc/iterator...........................ok
         1/43 skipped: N/Y: length of rest of array
t/pmc/key................................ok
t/pmc/lexinfo............................ok
t/pmc/lexpad.............................ok
t/pmc/managedstruct......................ok
t/pmc/mmd................................ok
t/pmc/multiarray.........................ok
t/pmc/multisub...........................ok
t/pmc/n_arithmetics......................ok
t/pmc/namespace..........................ok
t/pmc/nci................................ok
t/pmc/null...............................ok
t/pmc/object-meths.......................ok
         2/43 skipped: various reasons
t/pmc/object-mro.........................ok
t/pmc/object.............................ok
t/pmc/objects............................ok
         2/78 skipped: instantiate disabled
t/pmc/orderedhash........................ok
t/pmc/os.................................ok
t/pmc/pair...............................ok
         1/3 skipped: instantiate disabled
t/pmc/parrotclass........................ok
t/pmc/parrotinterpreter..................ok
t/pmc/parrotio...........................ok
         1/6 skipped: no asynch calls yet
t/pmc/parrotlibrary......................ok
t/pmc/parrotobject.......................ok
t/pmc/parrotrunningthread................ok
t/pmc/parrotthread.......................ok
t/pmc/pccmethod_test.....................ok
t/pmc/pmc................................ok
         1/20 skipped: no instantiate
t/pmc/pointer............................ok
t/pmc/prop...............................ok
t/pmc/random.............................ok
t/pmc/ref................................ok
t/pmc/resizablebooleanarray..............ok
t/pmc/resizablefloatarray................ok
t/pmc/resizableintegerarray..............ok
t/pmc/resizablepmcarray..................ok
t/pmc/resizablestringarray...............ok
t/pmc/retcontinuation....................ok
t/pmc/ro.................................NOK 7
#     Failed test (t/pmc/ro.t at line 194)
#          got: 'Illegal PMC enum (0) in new
# current instr.: 'main' pc 35 (/home/ryan/devel/parrot/t/pmc/ro_7.pir:21)
# '
#     expected: 'reached end
# '
# './parrot -D40 --gc-debug  "/home/ryan/devel/parrot/t/pmc/ro_7.pir"' 
failed with exit code 1
t/pmc/ro.................................NOK 8
#     Failed test (t/pmc/ro.t at line 197)
#          got: 'Illegal PMC enum (0) in new
# current instr.: 'main' pc 35 (/home/ryan/devel/parrot/t/pmc/ro_8.pir:21)
# '
#     expected: 'reached end
# '
# './parrot -D40 --gc-debug  "/home/ryan/devel/parrot/t/pmc/ro_8.pir"' 
failed with exit code 1
t/pmc/ro.................................NOK 9
#     Failed test (t/pmc/ro.t at line 194)
#          got: 'Illegal PMC enum (0) in new
# current instr.: 'main' pc 35 (/home/ryan/devel/parrot/t/pmc/ro_9.pir:21)
# '
#     expected: 'reached end
# '
# './parrot -D40 --gc-debug  "/home/ryan/devel/parrot/t/pmc/ro_9.pir"' 
failed with exit code 1
t/pmc/ro.................................NOK 10
#     Failed test (t/pmc/ro.t at line 197)
#          got: 'Illegal PMC enum (0) in new
# current instr.: 'main' pc 35 (/home/ryan/devel/parrot/t/pmc/ro_10.pir:21)
# '
#     expected: 'reached end
# '
# './parrot -D40 --gc-debug  "/home/ryan/devel/parrot/t/pmc/ro_10.pir"' 
failed with exit code 1
t/pmc/ro.................................NOK 11
#     Failed test (t/pmc/ro.t at line 194)
#          got: 'Illegal PMC enum (0) in new
# current instr.: 'main' pc 35 (/home/ryan/devel/parrot/t/pmc/ro_11.pir:21)
# '
#     expected: 'reached end
# '
# './parrot -D40 --gc-debug  "/home/ryan/devel/parrot/t/pmc/ro_11.pir"' 
failed with exit code 1
t/pmc/ro.................................NOK 13
#     Failed test (t/pmc/ro.t at line 194)
#          got: 'Illegal PMC enum (0) in new
# current instr.: 'main' pc 35 (/home/ryan/devel/parrot/t/pmc/ro_13.pir:21)
# '
#     expected: 'reached end
# '
# './parrot -D40 --gc-debug  "/home/ryan/devel/parrot/t/pmc/ro_13.pir"' 
failed with exit code 1
t/pmc/ro.................................ok 17/17# Looks like you failed 
6 tests of 17.
t/pmc/ro.................................dubious
	Test returned status 6 (wstat 1536, 0x600)
DIED. FAILED tests 7-11, 13
	Failed 6/17 tests, 64.71% okay
t/pmc/role...............................ok
t/pmc/sarray.............................ok
t/pmc/scalar.............................ok
t/pmc/sharedref..........................ok
t/pmc/signal.............................skipped
         all skipped: No events yet
t/pmc/slice..............................ok
t/pmc/smop_attribute.....................ok
t/pmc/smop_class.........................ok
t/pmc/stmlog.............................ok
t/pmc/stmref.............................ok
t/pmc/stmvar.............................ok
t/pmc/string.............................ok
t/pmc/sub................................ok
t/pmc/super..............................ok
t/pmc/sys................................ok
t/pmc/threads............................ok
         2/20 skipped: no shared Strings yet
t/pmc/timer..............................ok
t/pmc/tqueue.............................ok
t/pmc/undef..............................ok
t/pmc/unmanagedstruct....................ok
t/pmc/version............................ok
t/pmc/vtablecache........................ok
t/native_pbc/header......................ok
         8/8 skipped: new header format not yet implemented
t/native_pbc/integer.....................skipped
         all skipped: Ongoing PBC format changes
t/native_pbc/number......................skipped
         all skipped: Ongoing PBC format changes
t/native_pbc/string......................ok
         1/1 skipped: string changes
t/dynpmc/dynlexpad.......................NOK 1
#     Failed test (t/dynpmc/dynlexpad.t at line 26)
#          got: 'not loaded
# '
#     expected: 'ok
# '
t/dynpmc/dynlexpad.......................NOK 2
#     Failed test (t/dynpmc/dynlexpad.t at line 53)
#          got: 'error:imcc:syntax error, unexpected DOT, expecting INTC
# 	in file '/home/ryan/devel/parrot/t/dynpmc/dynlexpad_2.pir' line 9
# '
#     expected: 'ok 1
# ok 2
# 13013
# '
# './parrot -D40 --gc-debug 
"/home/ryan/devel/parrot/t/dynpmc/dynlexpad_2.pir"' failed with exit code 1
t/dynpmc/dynlexpad.......................NOK 3
#     Failed test (t/dynpmc/dynlexpad.t at line 75)
#          got: 'error:imcc:syntax error, unexpected DOT, expecting INTC
# 	in file '/home/ryan/devel/parrot/t/dynpmc/dynlexpad_3.pir' line 9
# '
#     expected: '13013
# 13013
# '
# './parrot -D40 --gc-debug 
"/home/ryan/devel/parrot/t/dynpmc/dynlexpad_3.pir"' failed with exit code 1
t/dynpmc/dynlexpad.......................NOK 4
#     Failed test (t/dynpmc/dynlexpad.t at line 105)
#          got: 'error:imcc:syntax error, unexpected DOT, expecting INTC
# 	in file '/home/ryan/devel/parrot/t/dynpmc/dynlexpad_4.pir' line 9
# '
#     expected: '13013
# 13013
# 55
# '
# './parrot -D40 --gc-debug 
"/home/ryan/devel/parrot/t/dynpmc/dynlexpad_4.pir"' failed with exit code 1
t/dynpmc/dynlexpad.......................NOK 5
#     Failed test (t/dynpmc/dynlexpad.t at line 150)
#          got: 'error:imcc:syntax error, unexpected DOT, expecting INTC
# 	in file '/home/ryan/devel/parrot/t/dynpmc/dynlexpad_5.pir' line 9
# '
#     expected: 'DynLexPad
# LexPad
# '
# './parrot -D40 --gc-debug 
"/home/ryan/devel/parrot/t/dynpmc/dynlexpad_5.pir"' failed with exit code 1
t/dynpmc/dynlexpad.......................NOK 6
#     Failed test (t/dynpmc/dynlexpad.t at line 177)
#          got: 'error:imcc:syntax error, unexpected DOT, expecting INTC
# 	in file '/home/ryan/devel/parrot/t/dynpmc/dynlexpad_6.pir' line 9
# '
#     expected: 'ok 1
# ok 2
# ok 3
# '
# './parrot -D40 --gc-debug 
"/home/ryan/devel/parrot/t/dynpmc/dynlexpad_6.pir"' failed with exit code 1
# Looks like you failed 6 tests of 6.
t/dynpmc/dynlexpad.......................dubious
	Test returned status 6 (wstat 1536, 0x600)
DIED. FAILED tests 1-6
	Failed 6/6 tests, 0.00% okay
t/dynpmc/foo.............................NOK 1
#     Failed test (t/dynpmc/foo.t at line 26)
#          got: 'Illegal PMC enum (0) in new
# current instr.: 'main' pc 6 (/home/ryan/devel/parrot/t/dynpmc/foo_1.pir:5)
# '
#     expected: '42
# '
# './parrot -D40 --gc-debug 
"/home/ryan/devel/parrot/t/dynpmc/foo_1.pir"' failed with exit code 1
t/dynpmc/foo.............................NOK 2
#     Failed test (t/dynpmc/foo.t at line 41)
#          got: 'Illegal PMC enum (0) in new
# current instr.: 'main' pc 9 (/home/ryan/devel/parrot/t/dynpmc/foo_2.pir:9)
# '
#     expected: '42
# '
# './parrot -D40 --gc-debug 
"/home/ryan/devel/parrot/t/dynpmc/foo_2.pir"' failed with exit code 1
t/dynpmc/foo.............................NOK 3
#     Failed test (t/dynpmc/foo.t at line 59)
#          got: 'Illegal PMC enum (0) in new
# current instr.: 'main' pc 19 
(/home/ryan/devel/parrot/t/dynpmc/foo_3.pir:16)
# '
#     expected: '42
# '
# './parrot -D40 --gc-debug 
"/home/ryan/devel/parrot/t/dynpmc/foo_3.pir"' failed with exit code 1
t/dynpmc/foo.............................NOK 4
#     Failed test (t/dynpmc/foo.t at line 84)
#          got: 'Illegal PMC enum (0) in new
# current instr.: 'main' pc 20 
(/home/ryan/devel/parrot/t/dynpmc/foo_4.pir:14)
# '
#     expected: '42
# '
# './parrot -D40 --gc-debug 
"/home/ryan/devel/parrot/t/dynpmc/foo_4.pir"' failed with exit code 1
t/dynpmc/foo.............................NOK 5
#     Failed test (t/dynpmc/foo.t at line 107)
#          got: 'Illegal PMC enum (0) in new
# current instr.: 'main' pc 28 
(/home/ryan/devel/parrot/t/dynpmc/foo_5.pir:18)
# '
#     expected: '42
# '
# './parrot -D40 --gc-debug 
"/home/ryan/devel/parrot/t/dynpmc/foo_5.pir"' failed with exit code 1
t/dynpmc/foo.............................NOK 7
#     Failed test (t/dynpmc/foo.t at line 162)
#          got: 'Class 'Foo' not found
# current instr.: 'main' pc 3 (/home/ryan/devel/parrot/t/dynpmc/foo_7.pir:4)
# '
#     expected: '144
# '
# './parrot -D40 --gc-debug 
"/home/ryan/devel/parrot/t/dynpmc/foo_7.pir"' failed with exit code 1
t/dynpmc/foo.............................NOK 8
#     Failed test (t/dynpmc/foo.t at line 179)
#          got: 'Class 'Foo' not found
# current instr.: 'main' pc 0 (/home/ryan/devel/parrot/t/dynpmc/foo_8.pir:5)
# '
#     expected: '42
# '
# './parrot -D40 --gc-debug 
"/home/ryan/devel/parrot/t/dynpmc/foo_8.pir"' failed with exit code 1
t/dynpmc/foo.............................NOK 9
#     Failed test (t/dynpmc/foo.t at line 193)
#          got: 'error:imcc:syntax error, unexpected DOT
# 	in file '/home/ryan/devel/parrot/t/dynpmc/foo_9.pir' line 3
# '
#     expected: '42
# '
# './parrot -D40 --gc-debug 
"/home/ryan/devel/parrot/t/dynpmc/foo_9.pir"' failed with exit code 1
# Looks like you failed 8 tests of 9.
t/dynpmc/foo.............................dubious
	Test returned status 8 (wstat 2048, 0x800)
DIED. FAILED tests 1-5, 7-9
	Failed 8/9 tests, 11.11% okay (less 1 skipped test: 0 okay, 0.00%)
t/dynpmc/gdbmhash........................skipped
         all skipped: No gdbm library available
t/dynpmc/quantumreg......................skipped
         all skipped: No quantum library available
t/dynpmc/sub.............................NOK 1
#     Failed test (t/dynpmc/sub.t at line 27)
#          got: 'not loaded
# '
#     expected: 'ok
# '
t/dynpmc/sub.............................NOK 2
#     Failed test (t/dynpmc/sub.t at line 41)
#          got: 'error:imcc:syntax error, unexpected DOT, expecting INTC
# 	in file '/home/ryan/devel/parrot/t/dynpmc/sub_2.pir' line 17
# '
#     expected: 'Sub
# SubProxy
# '
# './parrot -D40 --gc-debug 
"/home/ryan/devel/parrot/t/dynpmc/sub_2.pir"' failed with exit code 1
# Looks like you failed 2 tests of 2.
t/dynpmc/sub.............................dubious
	Test returned status 2 (wstat 512, 0x200)
DIED. FAILED tests 1-2
	Failed 2/2 tests, 0.00% okay
t/dynpmc/subclass_with_pir_method........ok
t/dynoplibs/dan..........................NOK 1
#     Failed test (t/dynoplibs/dan.t at line 26)
#          got: 'error:imcc:eval_ins: op 'mul_i_i_n' not found
#
# 	in file '/home/ryan/devel/parrot/t/dynoplibs/dan_1.pir' line 4
# '
#     expected: '25
# '
# './parrot -D40 --gc-debug 
"/home/ryan/devel/parrot/t/dynoplibs/dan_1.pir"' failed with exit code 1
t/dynoplibs/dan..........................NOK 2
#     Failed test (t/dynoplibs/dan.t at line 37)
#          got: 'error:imcc:The opcode 'mul_i_i_nc' (mul<3>) was not 
found. Check the type and number of the arguments
# 	in file '/home/ryan/devel/parrot/t/dynoplibs/dan_2.pir' line 5
# '
#     expected: '42
# '
# './parrot -D40 --gc-debug 
"/home/ryan/devel/parrot/t/dynoplibs/dan_2.pir"' failed with exit code 2
t/dynoplibs/dan..........................NOK 3
#     Failed test (t/dynoplibs/dan.t at line 49)
#          got: 'error:imcc:The opcode 'mul_i_ic_n' (mul<3>) was not 
found. Check the type and number of the arguments
# 	in file '/home/ryan/devel/parrot/t/dynoplibs/dan_3.pir' line 5
# '
#     expected: '42
# '
# './parrot -D40 --gc-debug 
"/home/ryan/devel/parrot/t/dynoplibs/dan_3.pir"' failed with exit code 2
t/dynoplibs/dan..........................NOK 4
#     Failed test (t/dynoplibs/dan.t at line 61)
#          got: 'error:imcc:The opcode 'mul_i_i_n' (mul<3>) was not 
found. Check the type and number of the arguments
# 	in file '/home/ryan/devel/parrot/t/dynoplibs/dan_4.pir' line 6
# '
#     expected: '42
# '
# './parrot -D40 --gc-debug 
"/home/ryan/devel/parrot/t/dynoplibs/dan_4.pir"' failed with exit code 2
t/dynoplibs/dan..........................NOK 5
#     Failed test (t/dynoplibs/dan.t at line 74)
#          got: 'error:imcc:The opcode 'mul_i_i_n' (mul<3>) was not 
found. Check the type and number of the arguments
# 	in file '/home/ryan/devel/parrot/t/dynoplibs/dan_5.pir' line 6
# '
#     expected: '42
# '
# './parrot -D40 --gc-debug 
"/home/ryan/devel/parrot/t/dynoplibs/dan_5.pir"' failed with exit code 2
t/dynoplibs/dan..........................NOK 6
#     Failed test (t/dynoplibs/dan.t at line 87)
#          got: 'error:imcc:eval_ins: op 'mul_i_i_n' not found
#
# 	in file '/home/ryan/devel/parrot/t/dynoplibs/dan_6.pasm' line 3
# '
#     expected: '11
# '
# './parrot -D40 --gc-debug 
"/home/ryan/devel/parrot/t/dynoplibs/dan_6.pasm"' failed with exit code 1
# Looks like you failed 6 tests of 6.
t/dynoplibs/dan..........................dubious
	Test returned status 6 (wstat 1536, 0x600)
DIED. FAILED tests 1-6
	Failed 6/6 tests, 0.00% okay
t/dynoplibs/myops........................NOK 1
#     Failed test (t/dynoplibs/myops.t at line 29)
#          got: 'error:imcc:syntax error, unexpected '\n', expecting '('
# 	in file '/home/ryan/devel/parrot/t/dynoplibs/myops_1.pir' line 3
# '
#     expected: '42
# '
# './parrot -D40 --gc-debug 
"/home/ryan/devel/parrot/t/dynoplibs/myops_1.pir"' failed with exit code 1
t/dynoplibs/myops........................NOK 2
#     Failed test (t/dynoplibs/myops.t at line 40)
#          got: 'error:imcc:syntax error, unexpected '\n', expecting '('
# 	in file '/home/ryan/devel/parrot/t/dynoplibs/myops_2.pir' line 3
# '
#     expected: 'fortytwo
# '
# './parrot -D40 --gc-debug 
"/home/ryan/devel/parrot/t/dynoplibs/myops_2.pir"' failed with exit code 1
t/dynoplibs/myops........................NOK 3
#     Failed test (t/dynoplibs/myops.t at line 51)
#                   'error:imcc:syntax error, unexpected '\n', expecting '('
# 	in file '/home/ryan/devel/parrot/t/dynoplibs/myops_3.pir' line 4
# '
#     doesn't match '/neither here
# (?!nor there)/
# '
# './parrot -D40 --gc-debug 
"/home/ryan/devel/parrot/t/dynoplibs/myops_3.pir"' failed with exit code 1
t/dynoplibs/myops........................NOK 4
#     Failed test (t/dynoplibs/myops.t at line 68)
#          got: 'error:imcc:syntax error, unexpected IDENTIFIER, 
expecting PARROT_OP
# 	in file '/home/ryan/devel/parrot/t/dynoplibs/myops_4.pasm' line 2
# '
#     expected: '.loadlib "myops_ops"
# q
# '
# './parrot -D40 --gc-debug 
"/home/ryan/devel/parrot/t/dynoplibs/myops_4.pasm"' failed with exit code 1
t/dynoplibs/myops........................NOK 5
#     Failed test (t/dynoplibs/myops.t at line 71)
#          got: 'error:imcc:syntax error, unexpected FLOATC, expecting '('
# 	in file '/home/ryan/devel/parrot/t/dynoplibs/myops_5.pir' line 5
# '
#     expected: '1
# alarm
# 2
# 3
# done.
# '
# './parrot -D40 --gc-debug 
"/home/ryan/devel/parrot/t/dynoplibs/myops_5.pir"' failed with exit code 1
t/dynoplibs/myops........................NOK 6
#     Failed test (t/dynoplibs/myops.t at line 102)
#          got: 'error:imcc:syntax error, unexpected FLOATC, expecting '('
# 	in file '/home/ryan/devel/parrot/t/dynoplibs/myops_6.pir' line 5
# error:imcc:syntax error, unexpected FLOATC, expecting '('
# 	in file '/home/ryan/devel/parrot/t/dynoplibs/myops_6.pir' line 7
# error:imcc:syntax error, unexpected FLOATC, expecting '('
# 	in file '/home/ryan/devel/parrot/t/dynoplibs/myops_6.pir' line 9
# '
#     expected: '1
# alarm1
# 2
# alarm2
# 3
# alarm3
# alarm1
# alarm3
# 4
# alarm3
# alarm3
# alarm3
# 5
# done.
# '
# './parrot -D40 --gc-debug 
"/home/ryan/devel/parrot/t/dynoplibs/myops_6.pir"' failed with exit code 1
t/dynoplibs/myops........................NOK 7
#     Failed test (t/dynoplibs/myops.t at line 154)
#          got: 'error:imcc:syntax error, unexpected IDENTIFIER, 
expecting PARROT_OP
# 	in file '/home/ryan/devel/parrot/t/dynoplibs/myops_7.pasm' line 3
# '
#     expected: 'F
# F
# F
# F
# '
# './parrot -D40 --gc-debug 
"/home/ryan/devel/parrot/t/dynoplibs/myops_7.pasm"' failed with exit code 1
t/dynoplibs/myops........................NOK 8
#     Failed test (t/dynoplibs/myops.t at line 182)
#          got: 'error:imcc:syntax error, unexpected IDENTIFIER, 
expecting PARROT_OP
# 	in file '/home/ryan/devel/parrot/t/dynoplibs/myops_8.pasm' line 5
# '
#     expected: '32767
# 32768
# 65535
# 0
# 65535
# '
# './parrot -D40 --gc-debug 
"/home/ryan/devel/parrot/t/dynoplibs/myops_8.pasm"' failed with exit code 1
# Looks like you failed 8 tests of 8.
t/dynoplibs/myops........................dubious
	Test returned status 8 (wstat 2048, 0x800)
DIED. FAILED tests 1-8
	Failed 8/8 tests, 0.00% okay
t/compilers/past/node....................ok
t/compilers/past/past....................ok
t/compilers/past/past_op.................ok
t/compilers/past/past_val................ok
t/compilers/past/past_var................ok
t/compilers/pge/01-codestring............ok
t/compilers/pge/02-match.................ok
t/compilers/pge/03-optable...............ok
t/compilers/pge/06-grammar...............ok
t/compilers/pge/pge-hs...................ok
t/compilers/pge/pge......................ok
t/compilers/pge/pge_examples.............ok
t/compilers/pge/pge_globs................ok
t/compilers/pge/pge_text.................ok
t/compilers/pge/pge_util.................ok
t/compilers/pge/p5regex/p5rx.............ok
         355/960 skipped: various reasons
t/compilers/pge/p6regex/01-regex.........ok
t/compilers/pge/p6regex/builtins.........ok
t/compilers/pge/p6regex/closure..........ok
t/compilers/pge/p6regex/context..........ok
t/compilers/pge/p6regex/subrules.........ok
t/compilers/pge/p6regex/syntax_errors....ok
t/compilers/tge/basic....................ok
t/compilers/tge/grammar..................ok
t/compilers/tge/parser...................ok
t/compilers/json/from_parrot.............ok
t/compilers/json/to_parrot...............ok
t/library/cgi_query_hash.................ok
t/library/coroutine......................ok
t/library/data_escape....................ok
         1/22 skipped: test not written
t/library/dumper.........................ok
t/library/File_Spec......................skipped
         all skipped: win32 implementation only
t/library/getopt_obj.....................ok
t/library/iter...........................ok
t/library/md5............................ok
t/library/mime_base64....................ok
t/library/parrotlib......................ok
t/library/pcre...........................ok
t/library/pg.............................Couldn't load 'libpq': Shared 
object "libpq.so" not found, required by "parrot"
current instr.: 'main' pc 16 (t/library/pg.t:37)
t/library/pg.............................ok
         43/43 skipped: skipped
t/library/sort...........................ok
t/library/streams........................ok
         2/20 skipped: broken method invocation
t/library/string_utils...................ok
t/library/test_builder_tester............ok
t/library/test_more......................ok
t/library/yaml_parser_syck...............ok
t/examples/japh..........................ok
t/examples/library.......................ok
t/examples/namespace.....................ok
t/examples/pasm..........................ok
t/examples/past..........................ok
t/examples/pir...........................ok
t/examples/shootout......................ok
         1/20 skipped: pidigits.pir needs GMP
t/examples/streams.......................ok
t/examples/subs..........................ok
t/run/exit...............................ok
t/run/options............................ok
t/src/atomic.............................ok
t/src/basic..............................ok 2/3# 'cc 
-DAPPLLIB_EXP="/usr/local/lib/perl5/5.8.5/BSDPAN" -DHAS_FPSETMASK 
-DHAS_FLOATINGPOINT_H  -pipe -I/usr/local/include -g  -I./include -c -o 
t/src/basic_3.o t/src/basic_3.c' failed with exit code 1
# Failed to build 't/src/basic_3.o': t/src/basic_3.c: In function `main':
# t/src/basic_3.c:23: warning: passing arg 1 of `Parrot_exit' makes 
integer from pointer without a cast
# t/src/basic_3.c:23: error: too many arguments to function `Parrot_exit'
t/src/basic..............................NOK 3
#     Failed test (t/src/basic.t at line 55)
# Looks like you failed 1 test of 3.
t/src/basic..............................dubious
	Test returned status 1 (wstat 256, 0x100)
DIED. FAILED test 3
	Failed 1/3 tests, 66.67% okay
t/src/compiler...........................# 'cc 
-DAPPLLIB_EXP="/usr/local/lib/perl5/5.8.5/BSDPAN" -DHAS_FPSETMASK 
-DHAS_FLOATINGPOINT_H  -pipe -I/usr/local/include -g  -I./include -c -o 
t/src/compiler_1.o t/src/compiler_1.c' failed with exit code 1
# Failed to build 't/src/compiler_1.o': t/src/compiler_1.c: In function 
`run':
# t/src/compiler_1.c:32: warning: assignment makes pointer from integer 
without a cast
# t/src/compiler_1.c:42: warning: assignment makes pointer from integer 
without a cast
# t/src/compiler_1.c: In function `main':
# t/src/compiler_1.c:57: error: `PackFile' undeclared (first use in this 
function)
# t/src/compiler_1.c:57: error: (Each undeclared identifier is reported 
only once
# t/src/compiler_1.c:57: error: for each function it appears in.)
# t/src/compiler_1.c:57: error: `pf' undeclared (first use in this function)
# t/src/compiler_1.c:61: error: `PackFile_Segment' undeclared (first use 
in this function)
# t/src/compiler_1.c:61: error: `seg' undeclared (first use in this 
function)
# t/src/compiler_1.c:75: warning: passing arg 1 of `Parrot_exit' makes 
integer from pointer without a cast
# t/src/compiler_1.c:75: error: too many arguments to function `Parrot_exit'

t/src/compiler...........................NOK 1#     Failed test 
(t/src/compiler.t at line 28)
# 'cc -DAPPLLIB_EXP="/usr/local/lib/perl5/5.8.5/BSDPAN" -DHAS_FPSETMASK 
-DHAS_FLOATINGPOINT_H  -pipe -I/usr/local/include -g  -I./include -c -o 
t/src/compiler_2.o t/src/compiler_2.c' failed with exit code 1
# Failed to build 't/src/compiler_2.o': t/src/compiler_2.c: In function 
`run':
# t/src/compiler_2.c:34: warning: assignment makes pointer from integer 
without a cast
# t/src/compiler_2.c:44: warning: assignment makes pointer from integer 
without a cast
# t/src/compiler_2.c: In function `main':
# t/src/compiler_2.c:59: error: `PackFile' undeclared (first use in this 
function)
# t/src/compiler_2.c:59: error: (Each undeclared identifier is reported 
only once
# t/src/compiler_2.c:59: error: for each function it appears in.)
# t/src/compiler_2.c:59: error: `pf' undeclared (first use in this function)
# t/src/compiler_2.c:63: error: `PackFile_Segment' undeclared (first use 
in this function)
# t/src/compiler_2.c:63: error: `seg' undeclared (first use in this 
function)
# t/src/compiler_2.c:77: warning: passing arg 1 of `Parrot_exit' makes 
integer from pointer without a cast
# t/src/compiler_2.c:77: error: too many arguments to function `Parrot_exit'
t/src/compiler...........................NOK 2
#     Failed test (t/src/compiler.t at line 108)
# 'cc -DAPPLLIB_EXP="/usr/local/lib/perl5/5.8.5/BSDPAN" -DHAS_FPSETMASK 
-DHAS_FLOATINGPOINT_H  -pipe -I/usr/local/include -g  -I./include -c -o 
t/src/compiler_3.o t/src/compiler_3.c' failed with exit code 1
# Failed to build 't/src/compiler_3.o': t/src/compiler_3.c: In function 
`compile_run':
# t/src/compiler_3.c:17: warning: assignment makes pointer from integer 
without a cast
# t/src/compiler_3.c:27: warning: assignment makes pointer from integer 
without a cast
# t/src/compiler_3.c: In function `main':
# t/src/compiler_3.c:67: error: `PackFile' undeclared (first use in this 
function)
# t/src/compiler_3.c:67: error: (Each undeclared identifier is reported 
only once
# t/src/compiler_3.c:67: error: for each function it appears in.)
# t/src/compiler_3.c:67: error: `pf' undeclared (first use in this function)
# t/src/compiler_3.c:71: error: `PackFile_Segment' undeclared (first use 
in this function)
# t/src/compiler_3.c:71: error: `seg' undeclared (first use in this 
function)
# t/src/compiler_3.c:85: warning: passing arg 1 of `Parrot_exit' makes 
integer from pointer without a cast
# t/src/compiler_3.c:85: error: too many arguments to function `Parrot_exit'
t/src/compiler...........................NOK 3
#     Failed test (t/src/compiler.t at line 190)
# 'cc -DAPPLLIB_EXP="/usr/local/lib/perl5/5.8.5/BSDPAN" -DHAS_FPSETMASK 
-DHAS_FLOATINGPOINT_H  -pipe -I/usr/local/include -g  -I./include -c -o 
t/src/compiler_4.o t/src/compiler_4.c' failed with exit code 1
# Failed to build 't/src/compiler_4.o': t/src/compiler_4.c: In function 
`compile_run':
# t/src/compiler_4.c:17: warning: assignment makes pointer from integer 
without a cast
# t/src/compiler_4.c:27: warning: assignment makes pointer from integer 
without a cast
# t/src/compiler_4.c: In function `main':
# t/src/compiler_4.c:67: error: `PackFile' undeclared (first use in this 
function)
# t/src/compiler_4.c:67: error: (Each undeclared identifier is reported 
only once
# t/src/compiler_4.c:67: error: for each function it appears in.)
# t/src/compiler_4.c:67: error: `pf' undeclared (first use in this function)
# t/src/compiler_4.c:71: error: `PackFile_Segment' undeclared (first use 
in this function)
# t/src/compiler_4.c:71: error: `seg' undeclared (first use in this 
function)
# t/src/compiler_4.c:85: warning: passing arg 1 of `Parrot_exit' makes 
integer from pointer without a cast
# t/src/compiler_4.c:85: error: too many arguments to function `Parrot_exit'

#     Failed test (t/src/compiler.t at line 281)
t/src/compiler...........................NOK 4# 'cc 
-DAPPLLIB_EXP="/usr/local/lib/perl5/5.8.5/BSDPAN" -DHAS_FPSETMASK 
-DHAS_FLOATINGPOINT_H  -pipe -I/usr/local/include -g  -I./include -c -o 
t/src/compiler_5.o t/src/compiler_5.c' failed with exit code 1
# Failed to build 't/src/compiler_5.o': t/src/compiler_5.c: In function 
`compile_run':
# t/src/compiler_5.c:17: warning: assignment makes pointer from integer 
without a cast
# t/src/compiler_5.c:27: warning: assignment makes pointer from integer 
without a cast
# t/src/compiler_5.c: In function `main':
# t/src/compiler_5.c:67: error: `PackFile' undeclared (first use in this 
function)
# t/src/compiler_5.c:67: error: (Each undeclared identifier is reported 
only once
# t/src/compiler_5.c:67: error: for each function it appears in.)
# t/src/compiler_5.c:67: error: `pf' undeclared (first use in this function)
# t/src/compiler_5.c:71: error: `PackFile_Segment' undeclared (first use 
in this function)
# t/src/compiler_5.c:71: error: `seg' undeclared (first use in this 
function)
# t/src/compiler_5.c:85: warning: passing arg 1 of `Parrot_exit' makes 
integer from pointer without a cast
# t/src/compiler_5.c:85: error: too many arguments to function `Parrot_exit'
t/src/compiler...........................NOK 5
#     Failed test (t/src/compiler.t at line 372)
# 'cc -DAPPLLIB_EXP="/usr/local/lib/perl5/5.8.5/BSDPAN" -DHAS_FPSETMASK 
-DHAS_FLOATINGPOINT_H  -pipe -I/usr/local/include -g  -I./include -c -o 
t/src/compiler_6.o t/src/compiler_6.c' failed with exit code 1
# Failed to build 't/src/compiler_6.o': t/src/compiler_6.c: In function 
`compile_run':
# t/src/compiler_6.c:17: warning: assignment makes pointer from integer 
without a cast
# t/src/compiler_6.c:27: warning: assignment makes pointer from integer 
without a cast
# t/src/compiler_6.c: In function `main':
# t/src/compiler_6.c:66: error: `PackFile' undeclared (first use in this 
function)
# t/src/compiler_6.c:66: error: (Each undeclared identifier is reported 
only once
# t/src/compiler_6.c:66: error: for each function it appears in.)
# t/src/compiler_6.c:66: error: `pf' undeclared (first use in this function)
# t/src/compiler_6.c:70: error: `PackFile_Segment' undeclared (first use 
in this function)
# t/src/compiler_6.c:70: error: `seg' undeclared (first use in this 
function)
# t/src/compiler_6.c:83: warning: passing arg 1 of `Parrot_exit' makes 
integer from pointer without a cast
# t/src/compiler_6.c:83: error: too many arguments to function `Parrot_exit'
t/src/compiler...........................NOK 6
#     Failed test (t/src/compiler.t at line 463)
# Looks like you failed 6 tests of 6.
t/src/compiler...........................dubious
	Test returned status 6 (wstat 1536, 0x600)
DIED. FAILED tests 1-6
	Failed 6/6 tests, 0.00% okay
t/src/exit...............................# 'cc 
-DAPPLLIB_EXP="/usr/local/lib/perl5/5.8.5/BSDPAN" -DHAS_FPSETMASK 
-DHAS_FLOATINGPOINT_H  -pipe -I/usr/local/include -g  -I./include -c -o 
t/src/exit_1.o t/src/exit_1.c' failed with exit code 1
# Failed to build 't/src/exit_1.o': t/src/exit_1.c: In function `main':
# t/src/exit_1.c:33: warning: passing arg 1 of `Parrot_on_exit' from 
incompatible pointer type
# t/src/exit_1.c:33: error: too many arguments to function `Parrot_on_exit'
# t/src/exit_1.c:34: warning: passing arg 1 of `Parrot_on_exit' from 
incompatible pointer type
# t/src/exit_1.c:34: error: too many arguments to function `Parrot_on_exit'
# t/src/exit_1.c:35: warning: passing arg 1 of `Parrot_on_exit' from 
incompatible pointer type
# t/src/exit_1.c:35: error: too many arguments to function `Parrot_on_exit'
# t/src/exit_1.c:36: warning: passing arg 1 of `Parrot_exit' makes 
integer from pointer without a cast
# t/src/exit_1.c:36: error: too many arguments to function `Parrot_exit'
t/src/exit...............................NOK 1
#     Failed test (t/src/exit.t at line 27)
# Looks like you failed 1 test of 1.
t/src/exit...............................dubious
	Test returned status 1 (wstat 256, 0x100)
DIED. FAILED test 1
	Failed 1/1 tests, 0.00% okay
t/src/extend.............................# 'cc 
-DAPPLLIB_EXP="/usr/local/lib/perl5/5.8.5/BSDPAN" -DHAS_FPSETMASK 
-DHAS_FLOATINGPOINT_H  -pipe -I/usr/local/include -g  -I./include -c -o 
t/src/extend_1.o t/src/extend_1.c' failed with exit code 1
# Failed to build 't/src/extend_1.o': t/src/extend_1.c: In function `main':
# t/src/extend_1.c:24: warning: passing arg 1 of `Parrot_exit' makes 
integer from pointer without a cast
# t/src/extend_1.c:24: error: too many arguments to function `Parrot_exit'

t/src/extend.............................NOK 1#     Failed test 
(t/src/extend.t at line 29)
# 'cc -DAPPLLIB_EXP="/usr/local/lib/perl5/5.8.5/BSDPAN" -DHAS_FPSETMASK 
-DHAS_FLOATINGPOINT_H  -pipe -I/usr/local/include -g  -I./include -c -o 
t/src/extend_2.o t/src/extend_2.c' failed with exit code 1
# Failed to build 't/src/extend_2.o': t/src/extend_2.c: In function `main':
# t/src/extend_2.c:25: warning: passing arg 1 of `Parrot_exit' makes 
integer from pointer without a cast
# t/src/extend_2.c:25: error: too many arguments to function `Parrot_exit'
t/src/extend.............................NOK 2
#     Failed test (t/src/extend.t at line 60)
# 'cc -DAPPLLIB_EXP="/usr/local/lib/perl5/5.8.5/BSDPAN" -DHAS_FPSETMASK 
-DHAS_FLOATINGPOINT_H  -pipe -I/usr/local/include -g  -I./include -c -o 
t/src/extend_3.o t/src/extend_3.c' failed with exit code 1
# Failed to build 't/src/extend_3.o': t/src/extend_3.c: In function `main':
# t/src/extend_3.c:19: warning: passing arg 1 of `Parrot_exit' makes 
integer from pointer without a cast
# t/src/extend_3.c:19: error: too many arguments to function `Parrot_exit'
t/src/extend.............................NOK 3
#     Failed test (t/src/extend.t at line 92)
# 'cc -DAPPLLIB_EXP="/usr/local/lib/perl5/5.8.5/BSDPAN" -DHAS_FPSETMASK 
-DHAS_FLOATINGPOINT_H  -pipe -I/usr/local/include -g  -I./include -c -o 
t/src/extend_4.o t/src/extend_4.c' failed with exit code 1
# Failed to build 't/src/extend_4.o': t/src/extend_4.c: In function `main':
# t/src/extend_4.c:23: warning: passing arg 1 of `Parrot_exit' makes 
integer from pointer without a cast
# t/src/extend_4.c:23: error: too many arguments to function `Parrot_exit'
t/src/extend.............................NOK 4
#     Failed test (t/src/extend.t at line 118)
# 'cc -DAPPLLIB_EXP="/usr/local/lib/perl5/5.8.5/BSDPAN" -DHAS_FPSETMASK 
-DHAS_FLOATINGPOINT_H  -pipe -I/usr/local/include -g  -I./include -c -o 
t/src/extend_5.o t/src/extend_5.c' failed with exit code 1
# Failed to build 't/src/extend_5.o': t/src/extend_5.c: In function `main':
# t/src/extend_5.c:26: warning: passing arg 1 of `Parrot_exit' makes 
integer from pointer without a cast
# t/src/extend_5.c:26: error: too many arguments to function `Parrot_exit'
t/src/extend.............................NOK 5
#     Failed test (t/src/extend.t at line 148)
# 'cc -DAPPLLIB_EXP="/usr/local/lib/perl5/5.8.5/BSDPAN" -DHAS_FPSETMASK 
-DHAS_FLOATINGPOINT_H  -pipe -I/usr/local/include -g  -I./include -c -o 
t/src/extend_6.o t/src/extend_6.c' failed with exit code 1
# Failed to build 't/src/extend_6.o': t/src/extend_6.c: In function `main':
# t/src/extend_6.c:34: warning: passing arg 1 of `Parrot_exit' makes 
integer from pointer without a cast
# t/src/extend_6.c:34: error: too many arguments to function `Parrot_exit'
t/src/extend.............................NOK 6
#     Failed test (t/src/extend.t at line 180)
# 'cc -DAPPLLIB_EXP="/usr/local/lib/perl5/5.8.5/BSDPAN" -DHAS_FPSETMASK 
-DHAS_FLOATINGPOINT_H  -pipe -I/usr/local/include -g  -I./include -c -o 
t/src/extend_7.o t/src/extend_7.c' failed with exit code 1
# Failed to build 't/src/extend_7.o': t/src/extend_7.c: In function `main':
# t/src/extend_7.c:30: warning: passing arg 1 of `Parrot_exit' makes 
integer from pointer without a cast
# t/src/extend_7.c:30: error: too many arguments to function `Parrot_exit'
t/src/extend.............................NOK 7
#     Failed test (t/src/extend.t at line 220)
# 'cc -DAPPLLIB_EXP="/usr/local/lib/perl5/5.8.5/BSDPAN" -DHAS_FPSETMASK 
-DHAS_FLOATINGPOINT_H  -pipe -I/usr/local/include -g  -I./include -c -o 
t/src/extend_8.o t/src/extend_8.c' failed with exit code 1
# Failed to build 't/src/extend_8.o': t/src/extend_8.c: In function `main':
# t/src/extend_8.c:27: warning: passing arg 1 of `Parrot_exit' makes 
integer from pointer without a cast
# t/src/extend_8.c:27: error: too many arguments to function `Parrot_exit'

t/src/extend.............................NOK 8#     Failed test 
(t/src/extend.t at line 256)
# 'cc -DAPPLLIB_EXP="/usr/local/lib/perl5/5.8.5/BSDPAN" -DHAS_FPSETMASK 
-DHAS_FLOATINGPOINT_H  -pipe -I/usr/local/include -g  -I./include -c -o 
t/src/extend_9.o t/src/extend_9.c' failed with exit code 1
# Failed to build 't/src/extend_9.o': t/src/extend_9.c: In function `main':
# t/src/extend_9.c:27: warning: passing arg 1 of `Parrot_exit' makes 
integer from pointer without a cast
# t/src/extend_9.c:27: error: too many arguments to function `Parrot_exit'
t/src/extend.............................NOK 9
#     Failed test (t/src/extend.t at line 289)
# 'cc -DAPPLLIB_EXP="/usr/local/lib/perl5/5.8.5/BSDPAN" -DHAS_FPSETMASK 
-DHAS_FLOATINGPOINT_H  -pipe -I/usr/local/include -g  -I./include -c -o 
t/src/extend_10.o t/src/extend_10.c' failed with exit code 1
# Failed to build 't/src/extend_10.o': t/src/extend_10.c: In function 
`main':
# t/src/extend_10.c:28: warning: passing arg 1 of `Parrot_exit' makes 
integer from pointer without a cast
# t/src/extend_10.c:28: error: too many arguments to function `Parrot_exit'
t/src/extend.............................NOK 10
#     Failed test (t/src/extend.t at line 322)
# 'cc -DAPPLLIB_EXP="/usr/local/lib/perl5/5.8.5/BSDPAN" -DHAS_FPSETMASK 
-DHAS_FLOATINGPOINT_H  -pipe -I/usr/local/include -g  -I./include -c -o 
t/src/extend_11.o t/src/extend_11.c' failed with exit code 1
# Failed to build 't/src/extend_11.o': t/src/extend_11.c: In function 
`main':
# t/src/extend_11.c:32: warning: passing arg 1 of `Parrot_exit' makes 
integer from pointer without a cast
# t/src/extend_11.c:32: error: too many arguments to function `Parrot_exit'
t/src/extend.............................NOK 11
#     Failed test (t/src/extend.t at line 356)
# 'cc -DAPPLLIB_EXP="/usr/local/lib/perl5/5.8.5/BSDPAN" -DHAS_FPSETMASK 
-DHAS_FLOATINGPOINT_H  -pipe -I/usr/local/include -g  -I./include -c -o 
t/src/extend_12.o t/src/extend_12.c' failed with exit code 1
# Failed to build 't/src/extend_12.o': t/src/extend_12.c: In function 
`main':
# t/src/extend_12.c:18: warning: passing arg 1 of `Parrot_exit' makes 
integer from pointer without a cast
# t/src/extend_12.c:18: error: too many arguments to function `Parrot_exit'
# t/src/extend_12.c: In function `the_test':
# t/src/extend_12.c:29: error: `PackFile' undeclared (first use in this 
function)
# t/src/extend_12.c:29: error: (Each undeclared identifier is reported 
only once
# t/src/extend_12.c:29: error: for each function it appears in.)
# t/src/extend_12.c:29: error: `pf' undeclared (first use in this function)
# t/src/extend_12.c:36: warning: assignment makes pointer from integer 
without a cast
# t/src/extend_12.c:44: warning: assignment makes pointer from integer 
without a cast
t/src/extend.............................NOK 12
#     Failed test (t/src/extend.t at line 415)
# 'cc -DAPPLLIB_EXP="/usr/local/lib/perl5/5.8.5/BSDPAN" -DHAS_FPSETMASK 
-DHAS_FLOATINGPOINT_H  -pipe -I/usr/local/include -g  -I./include -c -o 
t/src/extend_13.o t/src/extend_13.c' failed with exit code 1
# Failed to build 't/src/extend_13.o': t/src/extend_13.c: In function 
`main':
# t/src/extend_13.c:19: warning: passing arg 1 of `Parrot_exit' makes 
integer from pointer without a cast
# t/src/extend_13.c:19: error: too many arguments to function `Parrot_exit'
# t/src/extend_13.c: In function `the_test':
# t/src/extend_13.c:30: error: `PackFile' undeclared (first use in this 
function)
# t/src/extend_13.c:30: error: (Each undeclared identifier is reported 
only once
# t/src/extend_13.c:30: error: for each function it appears in.)
# t/src/extend_13.c:30: error: `pf' undeclared (first use in this function)
# t/src/extend_13.c:38: warning: assignment makes pointer from integer 
without a cast
# t/src/extend_13.c:44: error: structure has no member named 
`current_runloop_id'
t/src/extend.............................NOK 13
#     Failed test (t/src/extend.t at line 488)
# 'cc -DAPPLLIB_EXP="/usr/local/lib/perl5/5.8.5/BSDPAN" -DHAS_FPSETMASK 
-DHAS_FLOATINGPOINT_H  -pipe -I/usr/local/include -g  -I./include -c -o 
t/src/extend_14.o t/src/extend_14.c' failed with exit code 1
# Failed to build 't/src/extend_14.o': t/src/extend_14.c: In function 
`main':
# t/src/extend_14.c:30: warning: passing arg 1 of `Parrot_exit' makes 
integer from pointer without a cast
# t/src/extend_14.c:30: error: too many arguments to function `Parrot_exit'
t/src/extend.............................NOK 14
#     Failed test (t/src/extend.t at line 587)
# 'cc -DAPPLLIB_EXP="/usr/local/lib/perl5/5.8.5/BSDPAN" -DHAS_FPSETMASK 
-DHAS_FLOATINGPOINT_H  -pipe -I/usr/local/include -g  -I./include -c -o 
t/src/extend_15.o t/src/extend_15.c' failed with exit code 1
# Failed to build 't/src/extend_15.o': t/src/extend_15.c: In function 
`main':
# t/src/extend_15.c:24: warning: assignment makes pointer from integer 
without a cast
# t/src/extend_15.c:27: warning: assignment makes pointer from integer 
without a cast
# t/src/extend_15.c:35: warning: assignment makes pointer from integer 
without a cast
# t/src/extend_15.c:39: warning: passing arg 1 of `Parrot_exit' makes 
integer from pointer without a cast
# t/src/extend_15.c:39: error: too many arguments to function `Parrot_exit'
t/src/extend.............................NOK 15
#     Failed test (t/src/extend.t at line 623)
# 'cc -DAPPLLIB_EXP="/usr/local/lib/perl5/5.8.5/BSDPAN" -DHAS_FPSETMASK 
-DHAS_FLOATINGPOINT_H  -pipe -I/usr/local/include -g  -I./include -c -o 
t/src/extend_16.o t/src/extend_16.c' failed with exit code 1
# Failed to build 't/src/extend_16.o': t/src/extend_16.c: In function 
`main':
# t/src/extend_16.c:22: warning: assignment makes pointer from integer 
without a cast
# t/src/extend_16.c:23: warning: assignment makes integer from pointer 
without a cast
# t/src/extend_16.c:26: warning: passing arg 1 of `Parrot_exit' makes 
integer from pointer without a cast
# t/src/extend_16.c:26: error: too many arguments to function `Parrot_exit'
t/src/extend.............................NOK 16
#     Failed test (t/src/extend.t at line 668)
# Looks like you failed 16 tests of 16.
t/src/extend.............................dubious
	Test returned status 16 (wstat 4096, 0x1000)
DIED. FAILED tests 1-16
	Failed 16/16 tests, 0.00% okay
t/src/hash...............................# 'cc 
-DAPPLLIB_EXP="/usr/local/lib/perl5/5.8.5/BSDPAN" -DHAS_FPSETMASK 
-DHAS_FLOATINGPOINT_H  -pipe -I/usr/local/include -g  -I./include -c -o 
t/src/hash_1.o t/src/hash_1.c' failed with exit code 1
# Failed to build 't/src/hash_1.o': t/src/hash_1.c: In function `main':
# t/src/hash_1.c:16: warning: passing arg 1 of `Parrot_exit' makes 
integer from pointer without a cast
# t/src/hash_1.c:16: error: too many arguments to function `Parrot_exit'
t/src/hash...............................NOK 1
#     Failed test (t/src/hash.t at line 48)
# 'cc -DAPPLLIB_EXP="/usr/local/lib/perl5/5.8.5/BSDPAN" -DHAS_FPSETMASK 
-DHAS_FLOATINGPOINT_H  -pipe -I/usr/local/include -g  -I./include -c -o 
t/src/hash_2.o t/src/hash_2.c' failed with exit code 1
# Failed to build 't/src/hash_2.o': t/src/hash_2.c: In function `main':
# t/src/hash_2.c:16: warning: passing arg 1 of `Parrot_exit' makes 
integer from pointer without a cast
# t/src/hash_2.c:16: error: too many arguments to function `Parrot_exit'
t/src/hash...............................NOK 2
#     Failed test (t/src/hash.t at line 78)
# 'cc -DAPPLLIB_EXP="/usr/local/lib/perl5/5.8.5/BSDPAN" -DHAS_FPSETMASK 
-DHAS_FLOATINGPOINT_H  -pipe -I/usr/local/include -g  -I./include -c -o 
t/src/hash_3.o t/src/hash_3.c' failed with exit code 1
# Failed to build 't/src/hash_3.o': t/src/hash_3.c: In function `main':
# t/src/hash_3.c:16: warning: passing arg 1 of `Parrot_exit' makes 
integer from pointer without a cast
# t/src/hash_3.c:16: error: too many arguments to function `Parrot_exit'
# t/src/hash_3.c: In function `the_test':
# t/src/hash_3.c:45: warning: assignment makes pointer from integer 
without a cast
t/src/hash...............................NOK 3
#     Failed test (t/src/hash.t at line 116)
# 'cc -DAPPLLIB_EXP="/usr/local/lib/perl5/5.8.5/BSDPAN" -DHAS_FPSETMASK 
-DHAS_FLOATINGPOINT_H  -pipe -I/usr/local/include -g  -I./include -c -o 
t/src/hash_4.o t/src/hash_4.c' failed with exit code 1
# Failed to build 't/src/hash_4.o': t/src/hash_4.c: In function `main':
# t/src/hash_4.c:16: warning: passing arg 1 of `Parrot_exit' makes 
integer from pointer without a cast
# t/src/hash_4.c:16: error: too many arguments to function `Parrot_exit'
# t/src/hash_4.c: In function `the_test':
# t/src/hash_4.c:53: warning: assignment makes pointer from integer 
without a cast
t/src/hash...............................NOK 4
#     Failed test (t/src/hash.t at line 153)
# 'cc -DAPPLLIB_EXP="/usr/local/lib/perl5/5.8.5/BSDPAN" -DHAS_FPSETMASK 
-DHAS_FLOATINGPOINT_H  -pipe -I/usr/local/include -g  -I./include -c -o 
t/src/hash_5.o t/src/hash_5.c' failed with exit code 1
# Failed to build 't/src/hash_5.o': t/src/hash_5.c: In function `main':
# t/src/hash_5.c:16: warning: passing arg 1 of `Parrot_exit' makes 
integer from pointer without a cast
# t/src/hash_5.c:16: error: too many arguments to function `Parrot_exit'
# t/src/hash_5.c: In function `the_test':
# t/src/hash_5.c:45: warning: assignment makes pointer from integer 
without a cast
t/src/hash...............................NOK 5
#     Failed test (t/src/hash.t at line 198)
# 'cc -DAPPLLIB_EXP="/usr/local/lib/perl5/5.8.5/BSDPAN" -DHAS_FPSETMASK 
-DHAS_FLOATINGPOINT_H  -pipe -I/usr/local/include -g  -I./include -c -o 
t/src/hash_6.o t/src/hash_6.c' failed with exit code 1
# Failed to build 't/src/hash_6.o': t/src/hash_6.c: In function `main':
# t/src/hash_6.c:16: warning: passing arg 1 of `Parrot_exit' makes 
integer from pointer without a cast
# t/src/hash_6.c:16: error: too many arguments to function `Parrot_exit'
# t/src/hash_6.c: In function `the_test':
# t/src/hash_6.c:53: warning: assignment makes pointer from integer 
without a cast
t/src/hash...............................NOK 6
#     Failed test (t/src/hash.t at line 235)
# 'cc -DAPPLLIB_EXP="/usr/local/lib/perl5/5.8.5/BSDPAN" -DHAS_FPSETMASK 
-DHAS_FLOATINGPOINT_H  -pipe -I/usr/local/include -g  -I./include -c -o 
t/src/hash_7.o t/src/hash_7.c' failed with exit code 1
# Failed to build 't/src/hash_7.o': t/src/hash_7.c: In function `main':
# t/src/hash_7.c:16: warning: passing arg 1 of `Parrot_exit' makes 
integer from pointer without a cast
# t/src/hash_7.c:16: error: too many arguments to function `Parrot_exit'
t/src/hash...............................NOK 7
#     Failed test (t/src/hash.t at line 280)
# 'cc -DAPPLLIB_EXP="/usr/local/lib/perl5/5.8.5/BSDPAN" -DHAS_FPSETMASK 
-DHAS_FLOATINGPOINT_H  -pipe -I/usr/local/include -g  -I./include -c -o 
t/src/hash_8.o t/src/hash_8.c' failed with exit code 1
# Failed to build 't/src/hash_8.o': t/src/hash_8.c: In function `main':
# t/src/hash_8.c:16: warning: passing arg 1 of `Parrot_exit' makes 
integer from pointer without a cast
# t/src/hash_8.c:16: error: too many arguments to function `Parrot_exit'
t/src/hash...............................NOK 8
#     Failed test (t/src/hash.t at line 325)
# 'cc -DAPPLLIB_EXP="/usr/local/lib/perl5/5.8.5/BSDPAN" -DHAS_FPSETMASK 
-DHAS_FLOATINGPOINT_H  -pipe -I/usr/local/include -g  -I./include -c -o 
t/src/hash_9.o t/src/hash_9.c' failed with exit code 1
# Failed to build 't/src/hash_9.o': t/src/hash_9.c: In function `main':
# t/src/hash_9.c:16: warning: passing arg 1 of `Parrot_exit' makes 
integer from pointer without a cast
# t/src/hash_9.c:16: error: too many arguments to function `Parrot_exit'
# t/src/hash_9.c: In function `the_test':
# t/src/hash_9.c:46: warning: assignment makes pointer from integer 
without a cast
# t/src/hash_9.c:52: warning: assignment makes pointer from integer 
without a cast
t/src/hash...............................NOK 9
#     Failed test (t/src/hash.t at line 375)
# 'cc -DAPPLLIB_EXP="/usr/local/lib/perl5/5.8.5/BSDPAN" -DHAS_FPSETMASK 
-DHAS_FLOATINGPOINT_H  -pipe -I/usr/local/include -g  -I./include -c -o 
t/src/hash_10.o t/src/hash_10.c' failed with exit code 1
# Failed to build 't/src/hash_10.o': t/src/hash_10.c: In function `main':
# t/src/hash_10.c:16: warning: passing arg 1 of `Parrot_exit' makes 
integer from pointer without a cast
# t/src/hash_10.c:16: error: too many arguments to function `Parrot_exit'
t/src/hash...............................NOK 10
#     Failed test (t/src/hash.t at line 460)
# 'cc -DAPPLLIB_EXP="/usr/local/lib/perl5/5.8.5/BSDPAN" -DHAS_FPSETMASK 
-DHAS_FLOATINGPOINT_H  -pipe -I/usr/local/include -g  -I./include -c -o 
t/src/hash_11.o t/src/hash_11.c' failed with exit code 1
# Failed to build 't/src/hash_11.o': t/src/hash_11.c: In function `main':
# t/src/hash_11.c:16: warning: passing arg 1 of `Parrot_exit' makes 
integer from pointer without a cast
# t/src/hash_11.c:16: error: too many arguments to function `Parrot_exit'
t/src/hash...............................NOK 11
#     Failed test (t/src/hash.t at line 480)
# Looks like you failed 11 tests of 11.
t/src/hash...............................dubious
	Test returned status 11 (wstat 2816, 0xb00)
DIED. FAILED tests 1-11
	Failed 11/11 tests, 0.00% okay
t/src/intlist............................# 'cc 
-DAPPLLIB_EXP="/usr/local/lib/perl5/5.8.5/BSDPAN" -DHAS_FPSETMASK 
-DHAS_FLOATINGPOINT_H  -pipe -I/usr/local/include -g  -I./include -c -o 
t/src/intlist_1.o t/src/intlist_1.c' failed with exit code 1
# Failed to build 't/src/intlist_1.o': t/src/intlist_1.c: In function 
`main':
# t/src/intlist_1.c:21: warning: passing arg 1 of `Parrot_exit' makes 
integer from pointer without a cast
# t/src/intlist_1.c:21: error: too many arguments to function `Parrot_exit'
t/src/intlist............................NOK 1
#     Failed test (t/src/intlist.t at line 27)
t/src/intlist............................ok 4/4# Looks like you failed 1 
test of 4.
t/src/intlist............................dubious
	Test returned status 1 (wstat 256, 0x100)
DIED. FAILED test 1
	Failed 1/4 tests, 75.00% okay
t/src/io.................................# 'cc 
-DAPPLLIB_EXP="/usr/local/lib/perl5/5.8.5/BSDPAN" -DHAS_FPSETMASK 
-DHAS_FLOATINGPOINT_H  -pipe -I/usr/local/include -g  -I./include -c -o 
t/src/io_1.o t/src/io_1.c' failed with exit code 1
# Failed to build 't/src/io_1.o': t/src/io_1.c: In function `main':
# t/src/io_1.c:17: warning: passing arg 1 of `Parrot_exit' makes integer 
from pointer without a cast
# t/src/io_1.c:17: error: too many arguments to function `Parrot_exit'

t/src/io.................................NOK 1#     Failed test 
(t/src/io.t at line 73)
# 'cc -DAPPLLIB_EXP="/usr/local/lib/perl5/5.8.5/BSDPAN" -DHAS_FPSETMASK 
-DHAS_FLOATINGPOINT_H  -pipe -I/usr/local/include -g  -I./include -c -o 
t/src/io_2.o t/src/io_2.c' failed with exit code 1
# Failed to build 't/src/io_2.o': t/src/io_2.c: In function `main':
# t/src/io_2.c:17: warning: passing arg 1 of `Parrot_exit' makes integer 
from pointer without a cast
# t/src/io_2.c:17: error: too many arguments to function `Parrot_exit'

t/src/io.................................NOK 2#     Failed test 
(t/src/io.t at line 88)
readline() on closed filehandle $FILE at t/src/io.t line 112.
t/src/io.................................NOK 3
#     Failed test (t/src/io.t at line 112)
#          got: undef
#     expected: 'Hello, World!
# '
# 'cc -DAPPLLIB_EXP="/usr/local/lib/perl5/5.8.5/BSDPAN" -DHAS_FPSETMASK 
-DHAS_FLOATINGPOINT_H  -pipe -I/usr/local/include -g  -I./include -c -o 
t/src/io_4.o t/src/io_4.c' failed with exit code 1
# Failed to build 't/src/io_4.o': t/src/io_4.c: In function `main':
# t/src/io_4.c:17: warning: passing arg 1 of `Parrot_exit' makes integer 
from pointer without a cast
# t/src/io_4.c:17: error: too many arguments to function `Parrot_exit'

t/src/io.................................NOK 4#     Failed test 
(t/src/io.t at line 119)
# 'cc -DAPPLLIB_EXP="/usr/local/lib/perl5/5.8.5/BSDPAN" -DHAS_FPSETMASK 
-DHAS_FLOATINGPOINT_H  -pipe -I/usr/local/include -g  -I./include -c -o 
t/src/io_5.o t/src/io_5.c' failed with exit code 1
# Failed to build 't/src/io_5.o': t/src/io_5.c: In function `main':
# t/src/io_5.c:17: warning: passing arg 1 of `Parrot_exit' makes integer 
from pointer without a cast
# t/src/io_5.c:17: error: too many arguments to function `Parrot_exit'

t/src/io.................................NOK 5#     Failed test 
(t/src/io.t at line 161)
readline() on closed filehandle $FILE at t/src/io.t line 177.
t/src/io.................................NOK 6
#     Failed test (t/src/io.t at line 177)
#          got: undef
#     expected: 'Hello, World!
# Parrot flies.
# '
# 'cc -DAPPLLIB_EXP="/usr/local/lib/perl5/5.8.5/BSDPAN" -DHAS_FPSETMASK 
-DHAS_FLOATINGPOINT_H  -pipe -I/usr/local/include -g  -I./include -c -o 
t/src/io_7.o t/src/io_7.c' failed with exit code 1
# Failed to build 't/src/io_7.o': t/src/io_7.c: In function `main':
# t/src/io_7.c:17: warning: passing arg 1 of `Parrot_exit' makes integer 
from pointer without a cast
# t/src/io_7.c:17: error: too many arguments to function `Parrot_exit'
t/src/io.................................NOK 7
#     Failed test (t/src/io.t at line 185)
# 'cc -DAPPLLIB_EXP="/usr/local/lib/perl5/5.8.5/BSDPAN" -DHAS_FPSETMASK 
-DHAS_FLOATINGPOINT_H  -pipe -I/usr/local/include -g  -I./include -c -o 
t/src/io_8.o t/src/io_8.c' failed with exit code 1
# Failed to build 't/src/io_8.o': t/src/io_8.c: In function `main':
# t/src/io_8.c:17: warning: passing arg 1 of `Parrot_exit' makes integer 
from pointer without a cast
# t/src/io_8.c:17: error: too many arguments to function `Parrot_exit'
t/src/io.................................NOK 8
#     Failed test (t/src/io.t at line 215)
# 'cc -DAPPLLIB_EXP="/usr/local/lib/perl5/5.8.5/BSDPAN" -DHAS_FPSETMASK 
-DHAS_FLOATINGPOINT_H  -pipe -I/usr/local/include -g  -I./include -c -o 
t/src/io_9.o t/src/io_9.c' failed with exit code 1
# Failed to build 't/src/io_9.o': t/src/io_9.c: In function `main':
# t/src/io_9.c:17: warning: passing arg 1 of `Parrot_exit' makes integer 
from pointer without a cast
# t/src/io_9.c:17: error: too many arguments to function `Parrot_exit'
t/src/io.................................NOK 9
#     Failed test (t/src/io.t at line 255)
# 'cc -DAPPLLIB_EXP="/usr/local/lib/perl5/5.8.5/BSDPAN" -DHAS_FPSETMASK 
-DHAS_FLOATINGPOINT_H  -pipe -I/usr/local/include -g  -I./include -c -o 
t/src/io_10.o t/src/io_10.c' failed with exit code 1
# Failed to build 't/src/io_10.o': t/src/io_10.c: In function `main':
# t/src/io_10.c:17: warning: passing arg 1 of `Parrot_exit' makes 
integer from pointer without a cast
# t/src/io_10.c:17: error: too many arguments to function `Parrot_exit'
t/src/io.................................NOK 10
#     Failed test (t/src/io.t at line 296)
# 'cc -DAPPLLIB_EXP="/usr/local/lib/perl5/5.8.5/BSDPAN" -DHAS_FPSETMASK 
-DHAS_FLOATINGPOINT_H  -pipe -I/usr/local/include -g  -I./include -c -o 
t/src/io_11.o t/src/io_11.c' failed with exit code 1
# Failed to build 't/src/io_11.o': t/src/io_11.c: In function `main':
# t/src/io_11.c:17: warning: passing arg 1 of `Parrot_exit' makes 
integer from pointer without a cast
# t/src/io_11.c:17: error: too many arguments to function `Parrot_exit'
t/src/io.................................NOK 11
#     Failed test (t/src/io.t at line 349)
# 'cc -DAPPLLIB_EXP="/usr/local/lib/perl5/5.8.5/BSDPAN" -DHAS_FPSETMASK 
-DHAS_FLOATINGPOINT_H  -pipe -I/usr/local/include -g  -I./include -c -o 
t/src/io_12.o t/src/io_12.c' failed with exit code 1
# Failed to build 't/src/io_12.o': t/src/io_12.c: In function `main':
# t/src/io_12.c:17: warning: passing arg 1 of `Parrot_exit' makes 
integer from pointer without a cast
# t/src/io_12.c:17: error: too many arguments to function `Parrot_exit'
t/src/io.................................NOK 12
#     Failed test (t/src/io.t at line 382)
# 'cc -DAPPLLIB_EXP="/usr/local/lib/perl5/5.8.5/BSDPAN" -DHAS_FPSETMASK 
-DHAS_FLOATINGPOINT_H  -pipe -I/usr/local/include -g  -I./include -c -o 
t/src/io_13.o t/src/io_13.c' failed with exit code 1
# Failed to build 't/src/io_13.o': t/src/io_13.c: In function `main':
# t/src/io_13.c:17: warning: passing arg 1 of `Parrot_exit' makes 
integer from pointer without a cast
# t/src/io_13.c:17: error: too many arguments to function `Parrot_exit'
t/src/io.................................NOK 13
#     Failed test (t/src/io.t at line 416)
# 'cc -DAPPLLIB_EXP="/usr/local/lib/perl5/5.8.5/BSDPAN" -DHAS_FPSETMASK 
-DHAS_FLOATINGPOINT_H  -pipe -I/usr/local/include -g  -I./include -c -o 
t/src/io_14.o t/src/io_14.c' failed with exit code 1
# Failed to build 't/src/io_14.o': t/src/io_14.c: In function `main':
# t/src/io_14.c:17: warning: passing arg 1 of `Parrot_exit' makes 
integer from pointer without a cast
# t/src/io_14.c:17: error: too many arguments to function `Parrot_exit'
t/src/io.................................NOK 14
#     Failed test (t/src/io.t at line 452)
# 'cc -DAPPLLIB_EXP="/usr/local/lib/perl5/5.8.5/BSDPAN" -DHAS_FPSETMASK 
-DHAS_FLOATINGPOINT_H  -pipe -I/usr/local/include -g  -I./include -c -o 
t/src/io_15.o t/src/io_15.c' failed with exit code 1
# Failed to build 't/src/io_15.o': t/src/io_15.c: In function `main':
# t/src/io_15.c:17: warning: passing arg 1 of `Parrot_exit' makes 
integer from pointer without a cast
# t/src/io_15.c:17: error: too many arguments to function `Parrot_exit'
t/src/io.................................NOK 15
#     Failed test (t/src/io.t at line 480)
# 'cc -DAPPLLIB_EXP="/usr/local/lib/perl5/5.8.5/BSDPAN" -DHAS_FPSETMASK 
-DHAS_FLOATINGPOINT_H  -pipe -I/usr/local/include -g  -I./include -c -o 
t/src/io_16.o t/src/io_16.c' failed with exit code 1
# Failed to build 't/src/io_16.o': t/src/io_16.c: In function `main':
# t/src/io_16.c:17: warning: passing arg 1 of `Parrot_exit' makes 
integer from pointer without a cast
# t/src/io_16.c:17: error: too many arguments to function `Parrot_exit'
t/src/io.................................NOK 16
#     Failed test (t/src/io.t at line 506)
# 'cc -DAPPLLIB_EXP="/usr/local/lib/perl5/5.8.5/BSDPAN" -DHAS_FPSETMASK 
-DHAS_FLOATINGPOINT_H  -pipe -I/usr/local/include -g  -I./include -c -o 
t/src/io_17.o t/src/io_17.c' failed with exit code 1
# Failed to build 't/src/io_17.o': t/src/io_17.c: In function `main':
# t/src/io_17.c:17: warning: passing arg 1 of `Parrot_exit' makes 
integer from pointer without a cast
# t/src/io_17.c:17: error: too many arguments to function `Parrot_exit'
t/src/io.................................NOK 17
#     Failed test (t/src/io.t at line 538)
# 'cc -DAPPLLIB_EXP="/usr/local/lib/perl5/5.8.5/BSDPAN" -DHAS_FPSETMASK 
-DHAS_FLOATINGPOINT_H  -pipe -I/usr/local/include -g  -I./include -c -o 
t/src/io_18.o t/src/io_18.c' failed with exit code 1
# Failed to build 't/src/io_18.o': t/src/io_18.c: In function `main':
# t/src/io_18.c:17: warning: passing arg 1 of `Parrot_exit' makes 
integer from pointer without a cast
# t/src/io_18.c:17: error: too many arguments to function `Parrot_exit'
t/src/io.................................NOK 18
#     Failed test (t/src/io.t at line 593)
# 'cc -DAPPLLIB_EXP="/usr/local/lib/perl5/5.8.5/BSDPAN" -DHAS_FPSETMASK 
-DHAS_FLOATINGPOINT_H  -pipe -I/usr/local/include -g  -I./include -c -o 
t/src/io_19.o t/src/io_19.c' failed with exit code 1
# Failed to build 't/src/io_19.o': t/src/io_19.c: In function `main':
# t/src/io_19.c:17: warning: passing arg 1 of `Parrot_exit' makes 
integer from pointer without a cast
# t/src/io_19.c:17: error: too many arguments to function `Parrot_exit'
t/src/io.................................NOK 19
#     Failed test (t/src/io.t at line 628)
# 'cc -DAPPLLIB_EXP="/usr/local/lib/perl5/5.8.5/BSDPAN" -DHAS_FPSETMASK 
-DHAS_FLOATINGPOINT_H  -pipe -I/usr/local/include -g  -I./include -c -o 
t/src/io_20.o t/src/io_20.c' failed with exit code 1
# Failed to build 't/src/io_20.o': t/src/io_20.c: In function `main':
# t/src/io_20.c:17: warning: passing arg 1 of `Parrot_exit' makes 
integer from pointer without a cast
# t/src/io_20.c:17: error: too many arguments to function `Parrot_exit'
t/src/io.................................NOK 20
#     Failed test (t/src/io.t at line 651)
# Looks like you failed 20 tests of 20.
t/src/io.................................dubious
	Test returned status 20 (wstat 5120, 0x1400)
DIED. FAILED tests 1-20
	Failed 20/20 tests, 0.00% okay
t/src/list...............................# 'cc 
-DAPPLLIB_EXP="/usr/local/lib/perl5/5.8.5/BSDPAN" -DHAS_FPSETMASK 
-DHAS_FLOATINGPOINT_H  -pipe -I/usr/local/include -g  -I./include -c -o 
t/src/list_1.o t/src/list_1.c' failed with exit code 1
# Failed to build 't/src/list_1.o': t/src/list_1.c: In function `main':
# t/src/list_1.c:21: warning: passing arg 1 of `Parrot_exit' makes 
integer from pointer without a cast
# t/src/list_1.c:21: error: too many arguments to function `Parrot_exit'
t/src/list...............................NOK 1
#     Failed test (t/src/list.t at line 53)
# 'cc -DAPPLLIB_EXP="/usr/local/lib/perl5/5.8.5/BSDPAN" -DHAS_FPSETMASK 
-DHAS_FLOATINGPOINT_H  -pipe -I/usr/local/include -g  -I./include -c -o 
t/src/list_2.o t/src/list_2.c' failed with exit code 1
# Failed to build 't/src/list_2.o': t/src/list_2.c: In function `main':
# t/src/list_2.c:21: warning: passing arg 1 of `Parrot_exit' makes 
integer from pointer without a cast
# t/src/list_2.c:21: error: too many arguments to function `Parrot_exit'
t/src/list...............................NOK 2
#     Failed test (t/src/list.t at line 315)
# Looks like you failed 2 tests of 2.
t/src/list...............................dubious
	Test returned status 2 (wstat 512, 0x200)
DIED. FAILED tests 1-2
	Failed 2/2 tests, 0.00% okay
t/src/sprintf............................# 'cc 
-DAPPLLIB_EXP="/usr/local/lib/perl5/5.8.5/BSDPAN" -DHAS_FPSETMASK 
-DHAS_FLOATINGPOINT_H  -pipe -I/usr/local/include -g  -I./include -c -o 
t/src/sprintf_1.o t/src/sprintf_1.c' failed with exit code 1
# Failed to build 't/src/sprintf_1.o': t/src/sprintf_1.c: In function 
`main':
# t/src/sprintf_1.c:9: warning: passing arg 1 of `Parrot_exit' makes 
integer from pointer without a cast
# t/src/sprintf_1.c:9: error: too many arguments to function `Parrot_exit'
t/src/sprintf............................NOK 1
#     Failed test (t/src/sprintf.t at line 27)
# 'cc -DAPPLLIB_EXP="/usr/local/lib/perl5/5.8.5/BSDPAN" -DHAS_FPSETMASK 
-DHAS_FLOATINGPOINT_H  -pipe -I/usr/local/include -g  -I./include -c -o 
t/src/sprintf_2.o t/src/sprintf_2.c' failed with exit code 1
# Failed to build 't/src/sprintf_2.o': t/src/sprintf_2.c: In function 
`main':
# t/src/sprintf_2.c:144: warning: passing arg 1 of `Parrot_exit' makes 
integer from pointer without a cast
# t/src/sprintf_2.c:144: error: too many arguments to function `Parrot_exit'
t/src/sprintf............................NOK 2
#     Failed test (t/src/sprintf.t at line 44)
t/src/sprintf............................ok 3/3# Looks like you failed 2 
tests of 3.
t/src/sprintf............................dubious
	Test returned status 2 (wstat 512, 0x200)
DIED. FAILED tests 1-2
	Failed 2/3 tests, 33.33% okay
t/src/string.............................ok 1/3# 'cc 
-DAPPLLIB_EXP="/usr/local/lib/perl5/5.8.5/BSDPAN" -DHAS_FPSETMASK 
-DHAS_FLOATINGPOINT_H  -pipe -I/usr/local/include -g  -I./include -c -o 
t/src/string_2.o t/src/string_2.c' failed with exit code 1
# Failed to build 't/src/string_2.o': t/src/string_2.c: In function `main':
# t/src/string_2.c:23: warning: passing arg 1 of `Parrot_exit' makes 
integer from pointer without a cast
# t/src/string_2.c:23: error: too many arguments to function `Parrot_exit'
t/src/string.............................NOK 2
#     Failed test (t/src/string.t at line 92)
# 'cc -DAPPLLIB_EXP="/usr/local/lib/perl5/5.8.5/BSDPAN" -DHAS_FPSETMASK 
-DHAS_FLOATINGPOINT_H  -pipe -I/usr/local/include -g  -I./include -c -o 
t/src/string_3.o t/src/string_3.c' failed with exit code 1
# Failed to build 't/src/string_3.o': t/src/string_3.c: In function `main':
# t/src/string_3.c:23: warning: passing arg 1 of `Parrot_exit' makes 
integer from pointer without a cast
# t/src/string_3.c:23: error: too many arguments to function `Parrot_exit'
t/src/string.............................NOK 3
#     Failed test (t/src/string.t at line 127)
# Looks like you failed 2 tests of 3.
t/src/string.............................dubious
	Test returned status 2 (wstat 512, 0x200)
DIED. FAILED tests 2-3
	Failed 2/3 tests, 33.33% okay (less 1 skipped test: 0 okay, 0.00%)
t/tools/pbc_merge........................ok
t/tools/pmc2c............................ok
t/tools/smartlinks.......................skipped
         all skipped: Moose not installed
t/perl/Parrot_Distribution...............ok
t/perl/Parrot_Docs.......................ok
t/perl/Parrot_IO.........................ok
t/perl/Parrot_PIR_Formatter..............ok
         5/13 skipped: not implemented
t/perl/Parrot_Test.......................skipped
         all skipped: Test::Builder::Tester not installed
t/doc/opcode-doc.........................ok
t/doc/pod................................# finding files with pod, this 
may take a minute.
t/doc/pod................................ok
t/stm/basic..............................ok
t/stm/basic_mt...........................ok
t/stm/llqueue............................ok 2/2
#     Failed (TODO) test (t/stm/llqueue.t at line 59)
#          got: 'Bus error (core dumped)
# '
#     expected: 'sum is 4950
# '
# './parrot -D40 --gc-debug 
"/home/ryan/devel/parrot/t/stm/llqueue_2.pir"' failed with exit code 138
t/stm/llqueue............................ok
t/stm/queue..............................ok
         1/4 skipped: TODO test that fails intermittently
t/stm/runtime............................ok
t/distro/manifest........................ok 1/3# this may take a while...
t/distro/manifest........................ok
t/distro/file_metadata...................# Collecting svn:mime-type 
attributes...
t/distro/file_metadata...................ok 1/4# Collecting svn:keywords 
attributes...
t/distro/file_metadata...................ok 2/4# Collecting 
svn:eol-style attributes...
t/distro/file_metadata...................ok 3/4# Collecting 
svn:eol-style attributes...
t/distro/file_metadata...................ok
t/codingstd/c_code_coda..................ok
t/codingstd/c_indent.....................ok
t/codingstd/cppcomments..................ok
t/codingstd/cuddled_else.................ok
t/codingstd/gmt_utc......................ok
t/codingstd/pir_code_coda................ok
t/codingstd/tabs.........................ok
t/codingstd/trailing_space...............ok
Failed Test          Stat Wstat Total Fail  Failed  List of Failed
-------------------------------------------------------------------------------
t/dynoplibs/dan.t       6  1536     6    6 100.00%  1-6
t/dynoplibs/myops.t     8  2048     8    8 100.00%  1-8
t/dynpmc/dynlexpad.t    6  1536     6    6 100.00%  1-6
t/dynpmc/foo.t          8  2048     9    8  88.89%  1-5 7-9
t/dynpmc/sub.t          2   512     2    2 100.00%  1-2
t/pmc/ro.t              6  1536    17    6  35.29%  7-11 13
t/src/basic.t           1   256     3    1  33.33%  3
t/src/compiler.t        6  1536     6    6 100.00%  1-6
t/src/exit.t            1   256     1    1 100.00%  1
t/src/extend.t         16  4096    16   16 100.00%  1-16
t/src/hash.t           11  2816    11   11 100.00%  1-11
t/src/intlist.t         1   256     4    1  25.00%  1
t/src/io.t             20  5120    20   20 100.00%  1-20
t/src/list.t            2   512     2    2 100.00%  1-2
t/src/sprintf.t         2   512     3    2  66.67%  1-2
t/src/string.t          2   512     3    2  66.67%  2-3
11 tests and 599 subtests skipped.
Failed 16/276 test scripts, 94.20% okay. 98/6703 subtests failed, 98.54% 
okay.
*** Error code 2

Stop in /home/ryan/devel/parrot.

